<?xml version="1.0" encoding="UTF-8"?>
<testsuite xmlns:xsi="http://www.w3.org/2001/XMLSchema-instance" xsi:noNamespaceSchemaLocation="https://maven.apache.org/surefire/maven-surefire-plugin/xsd/surefire-test-report.xsd" version="3.0.2" name="com.eboneth.espec.EspecApplicationTests" time="4.848" tests="1" errors="0" skipped="0" failures="0">
  <properties>
[...]
</properties>
  <testcase name="contextLoads" classname="com.eboneth.espec.EspecApplicationTests" time="0.224">
    <system-out><![CDATA[11:15:25.380 [main] INFO org.springframework.test.context.support.AnnotationConfigContextLoaderUtils -- Could not detect default configuration classes for test class [com.eboneth.espec.EspecApplicationTests]: EspecApplicationTests does not declare any static, non-private, non-final, nested classes annotated with @Configuration.
11:15:25.427 [main] INFO org.springframework.boot.test.context.SpringBootTestContextBootstrapper -- Found @SpringBootConfiguration com.eboneth.espec.EspecApplication for test class com.eboneth.espec.EspecApplicationTests

  .   ____          _            __ _ _
 /\\ / ___'_ __ _ _(_)_ __  __ _ \ \ \ \
( ( )\___ | '_ | '_| | '_ \/ _` | \ \ \ \
 \\/  ___)| |_)| | | | | || (_| |  ) ) ) )
  '  |____| .__|_| |_|_| |_\__, | / / / /
 =========|_|==============|___/=/_/_/_/

 :: Spring Boot ::                (v3.5.7)

2025-10-28T11:15:25.595-05:00  INFO 3899 --- [espeUnimag] [           main] c.eboneth.espec.EspecApplicationTests    : Starting EspecApplicationTests using Java 25 with PID 3899 (started by rafaelbonett in /Users/rafaelbonett/Desktop/espec)
2025-10-28T11:15:25.595-05:00  INFO 3899 --- [espeUnimag] [           main] c.eboneth.espec.EspecApplicationTests    : The following 2 profiles are active: "dev", "security-enabled"
2025-10-28T11:15:25.854-05:00  INFO 3899 --- [espeUnimag] [           main] .s.d.r.c.RepositoryConfigurationDelegate : Bootstrapping Spring Data JPA repositories in DEFAULT mode.
2025-10-28T11:15:25.925-05:00  INFO 3899 --- [espeUnimag] [           main] .s.d.r.c.RepositoryConfigurationDelegate : Finished Spring Data repository scanning in 66 ms. Found 2 JPA repository interfaces.
2025-10-28T11:15:26.069-05:00 DEBUG 3899 --- [espeUnimag] [           main] j.LocalContainerEntityManagerFactoryBean : Building JPA container EntityManagerFactory for persistence unit 'default'
2025-10-28T11:15:26.080-05:00  INFO 3899 --- [espeUnimag] [           main] o.hibernate.jpa.internal.util.LogHelper  : HHH000204: Processing PersistenceUnitInfo [name: default]
2025-10-28T11:15:26.111-05:00  INFO 3899 --- [espeUnimag] [           main] org.hibernate.Version                    : HHH000412: Hibernate ORM core version 6.6.33.Final
2025-10-28T11:15:26.125-05:00  INFO 3899 --- [espeUnimag] [           main] o.h.c.internal.RegionFactoryInitiator    : HHH000026: Second-level cache disabled
2025-10-28T11:15:26.179-05:00  INFO 3899 --- [espeUnimag] [           main] com.zaxxer.hikari.HikariDataSource       : HikariPool-1 - Starting...
2025-10-28T11:15:28.148-05:00  INFO 3899 --- [espeUnimag] [           main] com.zaxxer.hikari.pool.HikariPool        : HikariPool-1 - Added connection org.postgresql.jdbc.PgConnection@2bb717d7
2025-10-28T11:15:28.150-05:00  INFO 3899 --- [espeUnimag] [           main] com.zaxxer.hikari.HikariDataSource       : HikariPool-1 - Start completed.
2025-10-28T11:15:29.046-05:00  INFO 3899 --- [espeUnimag] [           main] org.hibernate.orm.connections.pooling    : HHH10001005: Database info:
	Database JDBC URL [Connecting through datasource 'HikariDataSource (HikariPool-1)']
	Database driver: undefined/unknown
	Database version: 17.6
	Autocommit mode: undefined/unknown
	Isolation level: undefined/unknown
	Minimum pool size: undefined/unknown
	Maximum pool size: undefined/unknown
2025-10-28T11:15:29.151-05:00  INFO 3899 --- [espeUnimag] [           main] o.s.o.j.p.SpringPersistenceUnitInfo      : No LoadTimeWeaver setup: ignoring JPA class transformer
2025-10-28T11:15:29.156-05:00 DEBUG 3899 --- [espeUnimag] [           main] o.h.t.d.sql.spi.DdlTypeRegistry          : addDescriptor(2003, org.hibernate.type.descriptor.sql.internal.ArrayDdlTypeImpl@4f541e67) replaced previous registration(org.hibernate.type.descriptor.sql.internal.ArrayDdlTypeImpl@2be50bba)
2025-10-28T11:15:29.156-05:00 DEBUG 3899 --- [espeUnimag] [           main] o.h.t.d.sql.spi.DdlTypeRegistry          : addDescriptor(6, org.hibernate.type.descriptor.sql.internal.CapacityDependentDdlType@3514ac7d) replaced previous registration(org.hibernate.type.descriptor.sql.internal.DdlTypeImpl@79c4f23b)
2025-10-28T11:15:29.519-05:00  INFO 3899 --- [espeUnimag] [           main] o.h.e.t.j.p.i.JtaPlatformInitiator       : HHH000489: No JTA platform available (set 'hibernate.transaction.jta.platform' to enable JTA platform integration)
2025-10-28T11:15:29.521-05:00  INFO 3899 --- [espeUnimag] [           main] j.LocalContainerEntityManagerFactoryBean : Initialized JPA EntityManagerFactory for persistence unit 'default'
2025-10-28T11:15:29.941-05:00  INFO 3899 --- [espeUnimag] [           main] c.eboneth.espec.EspecApplicationTests    : Started EspecApplicationTests in 4.45 seconds (process running for 4.884)
]]></system-out>
    <system-err><![CDATA[Mockito is currently self-attaching to enable the inline-mock-maker. This will no longer work in future releases of the JDK. Please add Mockito as an agent to your build as described in Mockito's documentation: https://javadoc.io/doc/org.mockito/mockito-core/latest/org.mockito/org/mockito/Mockito.html#0.3
WARNING: A Java agent has been loaded dynamically (/Users/rafaelbonett/.m2/repository/net/bytebuddy/byte-buddy-agent/1.17.8/byte-buddy-agent-1.17.8.jar)
WARNING: If a serviceability tool is in use, please run with -XX:+EnableDynamicAgentLoading to hide this warning
WARNING: If a serviceability tool is not in use, please run with -Djdk.instrument.traceUsage for more information
WARNING: Dynamic loading of agents will be disallowed by default in a future release
]]></system-err>
  </testcase>
</testsuite>